c:\users\administrator\desktop\opengl\vanilla\vanilla\debug\vc140.pdb
c:\users\administrator\desktop\opengl\vanilla\vanilla\debug\vc140.idb
c:\users\administrator\desktop\opengl\vanilla\vanilla\debug\main.obj
c:\users\administrator\desktop\opengl\vanillasetupgl\vanilla\debug\vc140.pdb
c:\users\administrator\desktop\opengl\vanillasetupgl\vanilla\debug\vc140.idb
c:\users\administrator\desktop\opengl\vanillasetupgl\vanilla\debug\main.obj
c:\users\administrator\desktop\opengl\vanillasetupgl-line\vanilla\debug\vc140.pdb
c:\users\administrator\desktop\opengl\vanillasetupgl-line\vanilla\debug\vc140.idb
c:\users\administrator\desktop\opengl\vanillasetupgl-line\vanilla\debug\main.obj
c:\users\administrator\desktop\opengl\vanilla\debug\vanilla.ilk
c:\users\administrator\desktop\opengl\vanilla\debug\vanilla.exe
c:\users\administrator\desktop\opengl\vanilla\debug\vanilla.pdb
c:\users\administrator\desktop\opengl\vanillasetupgl\debug\vanilla.ilk
c:\users\administrator\desktop\opengl\vanillasetupgl\debug\vanilla.exe
c:\users\administrator\desktop\opengl\vanillasetupgl\debug\vanilla.pdb
c:\users\administrator\desktop\opengl\vanillasetupgl-line\debug\vanilla.ilk
c:\users\administrator\desktop\opengl\vanillasetupgl-line\debug\vanilla.exe
c:\users\administrator\desktop\opengl\vanillasetupgl-line\debug\vanilla.pdb
c:\users\administrator\desktop\opengl\vanillasetupgl-poly\vanilla\debug\main.obj
c:\users\administrator\desktop\opengl\vanillasetupgl-poly\vanilla\debug\vc140.idb
c:\users\administrator\desktop\opengl\vanillasetupgl-poly\vanilla\debug\vc140.pdb
c:\users\administrator\desktop\opengl\vanillasetupgl-poly\debug\vanilla.pdb
c:\users\administrator\desktop\opengl\vanillasetupgl-poly\debug\vanilla.exe
c:\users\administrator\desktop\opengl\vanillasetupgl-poly\debug\vanilla.ilk
c:\users\administrator\desktop\opengl\vanillasetupgl-poly\vanilla\debug\vanilla.tlog\cl.command.1.tlog
c:\users\administrator\desktop\opengl\vanillasetupgl-poly\vanilla\debug\vanilla.tlog\cl.read.1.tlog
c:\users\administrator\desktop\opengl\vanillasetupgl-poly\vanilla\debug\vanilla.tlog\cl.write.1.tlog
c:\users\administrator\desktop\opengl\vanillasetupgl-poly\vanilla\debug\vanilla.tlog\link.command.1.tlog
c:\users\administrator\desktop\opengl\vanillasetupgl-poly\vanilla\debug\vanilla.tlog\link.read.1.tlog
c:\users\administrator\desktop\opengl\vanillasetupgl-poly\vanilla\debug\vanilla.tlog\link.write.1.tlog
